<?xml version="1.0" encoding="UTF-8"?>
<!-- Generated by org.testng.reporters.JUnitReportReporter -->
<testsuite hostname="Sarika-PC" failures="0" tests="8" name="com.tmb.tests.OrangeHRMLoginFunctionalityTest" time="213.147" errors="0" timestamp="2025-07-30T16:54:49 IST" skipped="0">
  <testcase classname="com.tmb.tests.OrangeHRMLoginFunctionalityTest" name="verifyThatAdminCannotLogInWithInvalidCredentials" time="35.606"/>
  <testcase classname="com.tmb.tests.OrangeHRMLoginFunctionalityTest" name="verifyThatAdminCannotLogInWithInvalidCredentials" time="16.167"/>
  <testcase classname="com.tmb.tests.OrangeHRMLoginFunctionalityTest" name="verifyThatAdminCannotLogInWithOnlyUsernameFilled" time="34.587"/>
  <testcase classname="com.tmb.tests.OrangeHRMLoginFunctionalityTest" name="verifyThatAdminCannotLogInWithOnlyUsernameFilled" time="35.303"/>
  <testcase classname="com.tmb.tests.OrangeHRMLoginFunctionalityTest" name="verifyThatAdminCannotLogInWithOnlyPasswordFilled" time="12.794"/>
  <testcase classname="com.tmb.tests.OrangeHRMLoginFunctionalityTest" name="verifyThatAdminCannotLogInWithOnlyPasswordFilled" time="38.618"/>
  <testcase classname="com.tmb.tests.OrangeHRMLoginFunctionalityTest" name="verifyThatAdminCanLogInWithValidCredentials" time="19.119"/>
  <testcase classname="com.tmb.tests.OrangeHRMLoginFunctionalityTest" name="verifyThatAdminCanLogInWithValidCredentials" time="20.953"/>
</testsuite> <!-- com.tmb.tests.OrangeHRMLoginFunctionalityTest -->
