<?xml version="1.0" encoding="UTF-8"?>
<!-- Generated by org.testng.reporters.JUnitReportReporter -->
<testsuite hostname="Sarika-PC" failures="0" tests="4" name="com.tmb.tests.OrangeHRMTest" time="73.938" errors="0" timestamp="2025-07-27T01:12:45 IST" skipped="0">
  <testcase classname="com.tmb.tests.OrangeHRMTest" name="verifyThatAdminCannotLogInWithInvalidCredentials" time="13.301"/>
  <testcase classname="com.tmb.tests.OrangeHRMTest" name="verifyThatAdminCannotLogInWithInvalidCredentials" time="21.519"/>
  <testcase classname="com.tmb.tests.OrangeHRMTest" name="verifyThatAdminCanLogInWithValidCredentials" time="13.221"/>
  <testcase classname="com.tmb.tests.OrangeHRMTest" name="verifyThatAdminCanLogInWithValidCredentials" time="25.897"/>
</testsuite> <!-- com.tmb.tests.OrangeHRMTest -->
