<?xml version="1.0" encoding="UTF-8"?>
<!-- Generated by org.testng.reporters.JUnitReportReporter -->
<testsuite hostname="Sarika-PC" failures="0" tests="10" name="com.tmb.tests.UserAccountManagementTest" time="345.862" errors="0" timestamp="2025-08-06T18:34:33 IST" skipped="0">
  <testcase classname="com.tmb.tests.UserAccountManagementTest" name="verifyThatUserCanChangePasswordWithValidCredentials" time="26.959"/>
  <testcase classname="com.tmb.tests.UserAccountManagementTest" name="verifyThatUserCanChangePasswordWithValidCredentials" time="59.518"/>
  <testcase classname="com.tmb.tests.UserAccountManagementTest" name="verifyThatUserCannotChangePasswordWithInvalidCurrentPassword" time="20.680"/>
  <testcase classname="com.tmb.tests.UserAccountManagementTest" name="verifyThatUserCannotChangePasswordWithInvalidCurrentPassword" time="56.297"/>
  <testcase classname="com.tmb.tests.UserAccountManagementTest" name="verifyThatUserCannotChangePasswordWhenTheNewPasswordsDoNotMatch" time="41.590"/>
  <testcase classname="com.tmb.tests.UserAccountManagementTest" name="verifyThatUserCannotChangePasswordWhenTheNewPasswordsDoNotMatch" time="44.638"/>
  <testcase classname="com.tmb.tests.UserAccountManagementTest" name="verifyThatUserCannotChangePasswordWhenThePasswoedDoesNotMeetSpecifiedCriteria" time="36.347"/>
  <testcase classname="com.tmb.tests.UserAccountManagementTest" name="verifyThatUserCannotChangePasswordWhenThePasswoedDoesNotMeetSpecifiedCriteria" time="16.614"/>
  <testcase classname="com.tmb.tests.UserAccountManagementTest" name="verifyThatUserCannotChangePasswordWhenAllFieldsAreEmpty" time="19.755"/>
  <testcase classname="com.tmb.tests.UserAccountManagementTest" name="verifyThatUserCannotChangePasswordWhenAllFieldsAreEmpty" time="23.464"/>
</testsuite> <!-- com.tmb.tests.UserAccountManagementTest -->
