<?xml version="1.0" encoding="UTF-8"?>
<!-- Generated by org.testng.reporters.JUnitReportReporter -->
<testsuite hostname="Sarika-PC" failures="0" tests="8" name="com.tmb.tests.OrangeHRMTest" time="204.532" errors="0" timestamp="2025-07-28T14:51:41 IST" skipped="0">
  <testcase classname="com.tmb.tests.OrangeHRMTest" name="verifyThatAdminCannotLogInWithInvalidCredentials" time="18.818"/>
  <testcase classname="com.tmb.tests.OrangeHRMTest" name="verifyThatAdminCannotLogInWithInvalidCredentials" time="16.319"/>
  <testcase classname="com.tmb.tests.OrangeHRMTest" name="verifyThatAdminCannotLogInWithOnlyUsernameFilled" time="31.318"/>
  <testcase classname="com.tmb.tests.OrangeHRMTest" name="verifyThatAdminCannotLogInWithOnlyUsernameFilled" time="28.487"/>
  <testcase classname="com.tmb.tests.OrangeHRMTest" name="verifyThatAdminCannotLogInWithOnlyPasswordFilled" time="34.784"/>
  <testcase classname="com.tmb.tests.OrangeHRMTest" name="verifyThatAdminCannotLogInWithOnlyPasswordFilled" time="16.617"/>
  <testcase classname="com.tmb.tests.OrangeHRMTest" name="verifyThatAdminCanLogInWithValidCredentials" time="38.162"/>
  <testcase classname="com.tmb.tests.OrangeHRMTest" name="verifyThatAdminCanLogInWithValidCredentials" time="20.027"/>
</testsuite> <!-- com.tmb.tests.OrangeHRMTest -->
