<?xml version="1.0" encoding="UTF-8"?>
<!-- Generated by org.testng.reporters.JUnitReportReporter -->
<testsuite hostname="Sarika-PC" failures="0" tests="6" name="com.tmb.tests.OrangeHRMTest" time="144.454" errors="0" timestamp="2025-07-28T10:47:50 IST" skipped="0">
  <testcase classname="com.tmb.tests.OrangeHRMTest" name="verifyThatAdminCannotLogInWithInvalidCredentials" time="17.435"/>
  <testcase classname="com.tmb.tests.OrangeHRMTest" name="verifyThatAdminCannotLogInWithInvalidCredentials" time="34.074"/>
  <testcase classname="com.tmb.tests.OrangeHRMTest" name="verifyThatAdminCanLogInWithValidCredentials" time="28.514"/>
  <testcase classname="com.tmb.tests.OrangeHRMTest" name="verifyThatAdminCanLogInWithValidCredentials" time="21.413"/>
  <testcase classname="com.tmb.tests.OrangeHRMTest" name="verifyThatAdminCannotLogInWithOnlyUsernameFilled" time="14.372"/>
  <testcase classname="com.tmb.tests.OrangeHRMTest" name="verifyThatAdminCannotLogInWithOnlyUsernameFilled" time="28.646"/>
</testsuite> <!-- com.tmb.tests.OrangeHRMTest -->
