<?xml version="1.0" encoding="UTF-8"?>
<!-- Generated by org.testng.reporters.JUnitReportReporter -->
<testsuite hostname="DESKTOP-Sunil" failures="0" tests="2"
	name="com.tmb.tests.LoginpageTest" time="26.000" errors="0"
	timestamp="06 Nov 2024 13:34:41 GMT" skipped="0">
	<testcase classname="com.tmb.tests.LoginpageTest" name="test1"
		time="12.110" />
	<testcase classname="com.tmb.tests.LoginpageTest" name="test2"
		time="13.890" />
</testsuite> <!-- com.tmb.tests.LoginpageTest -->
