<?xml version="1.0" encoding="UTF-8"?>
<!-- Generated by org.testng.reporters.JUnitReportReporter -->
<<<<<<< HEAD
<testsuite hostname="Sarika-PC" failures="0" tests="6" name="com.tmb.tests.UserAccountManagementTest" time="207.800" errors="0" timestamp="2025-07-30T14:14:02 IST" skipped="0">
  <testcase classname="com.tmb.tests.UserAccountManagementTest" name="verifyThatUserCanChangePasswordWithValidCredentials" time="29.808"/>
  <testcase classname="com.tmb.tests.UserAccountManagementTest" name="verifyThatUserCanChangePasswordWithValidCredentials" time="45.053"/>
  <testcase classname="com.tmb.tests.UserAccountManagementTest" name="verifyThatUserCannotChangePasswordWithInvalidCurrentPassword" time="36.035"/>
  <testcase classname="com.tmb.tests.UserAccountManagementTest" name="verifyThatUserCannotChangePasswordWithInvalidCurrentPassword" time="34.502"/>
  <testcase classname="com.tmb.tests.UserAccountManagementTest" name="verifyThatUserCannotChangePasswordWhenTheNewPasswordsDoNotMatch" time="17.421"/>
  <testcase classname="com.tmb.tests.UserAccountManagementTest" name="verifyThatUserCannotChangePasswordWhenTheNewPasswordsDoNotMatch" time="44.981"/>
=======
<<<<<<< HEAD
<testsuite hostname="Sarika-PC" failures="0" tests="4" name="com.tmb.tests.UserAccountManagementTest" time="105.328" errors="0" timestamp="2025-07-30T00:38:02 GMT+05:30" skipped="0">
  <testcase classname="com.tmb.tests.UserAccountManagementTest" name="verifyThatUserCanChangePasswordWithValidCredentials" time="19.917"/>
  <testcase classname="com.tmb.tests.UserAccountManagementTest" name="verifyThatUserCanChangePasswordWithValidCredentials" time="21.095"/>
  <testcase classname="com.tmb.tests.UserAccountManagementTest" name="verifyThatUserCannotChangePasswordWithInvalidCurrentPassword" time="40.375"/>
  <testcase classname="com.tmb.tests.UserAccountManagementTest" name="verifyThatUserCannotChangePasswordWithInvalidCurrentPassword" time="23.941"/>
=======
<<<<<<< HEAD
<testsuite hostname="Sarika-PC" failures="0" tests="2" name="com.tmb.tests.UserAccountManagementTest" time="68.298" errors="0" timestamp="2025-07-29T20:33:42 IST" skipped="0">
  <testcase classname="com.tmb.tests.UserAccountManagementTest" name="verifyThatUserCanChangePasswordWithValidCredentials" time="23.451"/>
  <testcase classname="com.tmb.tests.UserAccountManagementTest" name="verifyThatUserCanChangePasswordWithValidCredentials" time="44.847"/>
=======
<testsuite hostname="Sarika-PC" failures="0" tests="2" name="com.tmb.tests.UserAccountManagementTest" time="61.747" errors="0" timestamp="2025-07-28T22:58:18 GMT+05:30" skipped="0">
  <testcase classname="com.tmb.tests.UserAccountManagementTest" name="verifyThatUserCanChangePasswordWithValidCredentials" time="40.778"/>
  <testcase classname="com.tmb.tests.UserAccountManagementTest" name="verifyThatUserCanChangePasswordWithValidCredentials" time="20.969"/>
>>>>>>> 4b19ff02b67fb0c7c3d30ff99b829b9047373781
>>>>>>> 33f69f104f542d47b142d18cacddc65a7f79bcb1
>>>>>>> 48a302c69dc41858ceb44f34abb3ce7ebfb679a4
</testsuite> <!-- com.tmb.tests.UserAccountManagementTest -->
