<?xml version="1.0" encoding="UTF-8"?>
<!-- Generated by org.testng.reporters.JUnitReportReporter -->
<testsuite hostname="Sarika-PC" failures="0" tests="6" name="com.tmb.tests.UserAccountManagementTest" time="154.321" errors="0" timestamp="2025-07-30T15:21:22 IST" skipped="0">
  <testcase classname="com.tmb.tests.UserAccountManagementTest" name="verifyThatUserCanChangePasswordWithValidCredentials" time="29.202"/>
  <testcase classname="com.tmb.tests.UserAccountManagementTest" name="verifyThatUserCanChangePasswordWithValidCredentials" time="23.246"/>
  <testcase classname="com.tmb.tests.UserAccountManagementTest" name="verifyThatUserCannotChangePasswordWithInvalidCurrentPassword" time="28.627"/>
  <testcase classname="com.tmb.tests.UserAccountManagementTest" name="verifyThatUserCannotChangePasswordWithInvalidCurrentPassword" time="19.417"/>
  <testcase classname="com.tmb.tests.UserAccountManagementTest" name="verifyThatUserCannotChangePasswordWhenTheNewPasswordsDoNotMatch" time="33.247"/>
  <testcase classname="com.tmb.tests.UserAccountManagementTest" name="verifyThatUserCannotChangePasswordWhenTheNewPasswordsDoNotMatch" time="20.582"/>
</testsuite> <!-- com.tmb.tests.UserAccountManagementTest -->
