<?xml version="1.0" encoding="UTF-8"?>
<!-- Generated by org.testng.reporters.JUnitReportReporter -->
<testsuite hostname="Sarika-PC" failures="0" tests="8" name="com.tmb.tests.OrangeHRMLoginFunctionalityTest" time="197.167" errors="0" timestamp="2025-07-30T00:38:02 GMT+05:30" skipped="0">
  <testcase classname="com.tmb.tests.OrangeHRMLoginFunctionalityTest" name="verifyThatAdminCannotLogInWithInvalidCredentials" time="19.291"/>
  <testcase classname="com.tmb.tests.OrangeHRMLoginFunctionalityTest" name="verifyThatAdminCannotLogInWithInvalidCredentials" time="16.498"/>
  <testcase classname="com.tmb.tests.OrangeHRMLoginFunctionalityTest" name="verifyThatAdminCannotLogInWithOnlyUsernameFilled" time="29.055"/>
  <testcase classname="com.tmb.tests.OrangeHRMLoginFunctionalityTest" name="verifyThatAdminCannotLogInWithOnlyUsernameFilled" time="32.572"/>
  <testcase classname="com.tmb.tests.OrangeHRMLoginFunctionalityTest" name="verifyThatAdminCannotLogInWithOnlyPasswordFilled" time="30.689"/>
  <testcase classname="com.tmb.tests.OrangeHRMLoginFunctionalityTest" name="verifyThatAdminCannotLogInWithOnlyPasswordFilled" time="35.217"/>
  <testcase classname="com.tmb.tests.OrangeHRMLoginFunctionalityTest" name="verifyThatAdminCanLogInWithValidCredentials" time="16.535"/>
  <testcase classname="com.tmb.tests.OrangeHRMLoginFunctionalityTest" name="verifyThatAdminCanLogInWithValidCredentials" time="17.310"/>
</testsuite> <!-- com.tmb.tests.OrangeHRMLoginFunctionalityTest -->
