<?xml version="1.0" encoding="UTF-8"?>
<!-- Generated by org.testng.reporters.JUnitReportReporter -->
<<<<<<< HEAD
<testsuite hostname="Sarika-PC" failures="0" tests="2" name="com.tmb.tests.UserAccountManagementTest" time="68.298" errors="0" timestamp="2025-07-29T20:33:42 IST" skipped="0">
  <testcase classname="com.tmb.tests.UserAccountManagementTest" name="verifyThatUserCanChangePasswordWithValidCredentials" time="23.451"/>
  <testcase classname="com.tmb.tests.UserAccountManagementTest" name="verifyThatUserCanChangePasswordWithValidCredentials" time="44.847"/>
=======
<testsuite hostname="Sarika-PC" failures="0" tests="2" name="com.tmb.tests.UserAccountManagementTest" time="61.747" errors="0" timestamp="2025-07-28T22:58:18 GMT+05:30" skipped="0">
  <testcase classname="com.tmb.tests.UserAccountManagementTest" name="verifyThatUserCanChangePasswordWithValidCredentials" time="40.778"/>
  <testcase classname="com.tmb.tests.UserAccountManagementTest" name="verifyThatUserCanChangePasswordWithValidCredentials" time="20.969"/>
>>>>>>> 4b19ff02b67fb0c7c3d30ff99b829b9047373781
</testsuite> <!-- com.tmb.tests.UserAccountManagementTest -->
