<?xml version="1.0" encoding="UTF-8"?>
<!-- Generated by org.testng.reporters.JUnitReportReporter -->
<testsuite hostname="Sarika-PC" failures="0" tests="2" name="com.tmb.tests.AdminFunctionalityTest" time="37.641" errors="0" timestamp="2025-08-06T19:52:43 IST" skipped="0">
  <testcase classname="com.tmb.tests.AdminFunctionalityTest" name="verifyThatTheAdminCanAddNewUser" time="21.141"/>
  <testcase classname="com.tmb.tests.AdminFunctionalityTest" name="verifyThatTheAdminCanAddNewUser" time="16.500"/>
</testsuite> <!-- com.tmb.tests.AdminFunctionalityTest -->
