<?xml version="1.0" encoding="UTF-8"?>
<!-- Generated by org.testng.reporters.JUnitReportReporter -->
<testsuite hostname="Sarika-PC" failures="0" tests="2" name="com.tmb.tests.UserAccountManagementTest" time="61.747" errors="0" timestamp="2025-07-28T22:58:18 GMT+05:30" skipped="0">
  <testcase classname="com.tmb.tests.UserAccountManagementTest" name="verifyThatUserCanChangePasswordWithValidCredentials" time="40.778"/>
  <testcase classname="com.tmb.tests.UserAccountManagementTest" name="verifyThatUserCanChangePasswordWithValidCredentials" time="20.969"/>
</testsuite> <!-- com.tmb.tests.UserAccountManagementTest -->
