<?xml version="1.0" encoding="UTF-8"?>
<!-- Generated by org.testng.reporters.JUnitReportReporter -->
<testsuite hostname="Sarika-PC" failures="0" tests="4" name="com.tmb.tests.UserAccountManagementTest" time="105.328" errors="0" timestamp="2025-07-30T00:38:02 GMT+05:30" skipped="0">
  <testcase classname="com.tmb.tests.UserAccountManagementTest" name="verifyThatUserCanChangePasswordWithValidCredentials" time="19.917"/>
  <testcase classname="com.tmb.tests.UserAccountManagementTest" name="verifyThatUserCanChangePasswordWithValidCredentials" time="21.095"/>
  <testcase classname="com.tmb.tests.UserAccountManagementTest" name="verifyThatUserCannotChangePasswordWithInvalidCurrentPassword" time="40.375"/>
  <testcase classname="com.tmb.tests.UserAccountManagementTest" name="verifyThatUserCannotChangePasswordWithInvalidCurrentPassword" time="23.941"/>
</testsuite> <!-- com.tmb.tests.UserAccountManagementTest -->
