<?xml version="1.0" encoding="UTF-8"?>
<!-- Generated by org.testng.reporters.JUnitReportReporter -->
<testsuite hostname="Sarika-PC" failures="0" tests="8" name="com.tmb.tests.OrangeHRMTest" time="195.593" errors="0" timestamp="2025-07-28T12:41:23 IST" skipped="0">
  <testcase classname="com.tmb.tests.OrangeHRMTest" name="verifyThatAdminCannotLogInWithInvalidCredentials" time="35.116"/>
  <testcase classname="com.tmb.tests.OrangeHRMTest" name="verifyThatAdminCannotLogInWithInvalidCredentials" time="32.175"/>
  <testcase classname="com.tmb.tests.OrangeHRMTest" name="verifyThatAdminCannotLogInWithOnlyUsernameFilled" time="13.857"/>
  <testcase classname="com.tmb.tests.OrangeHRMTest" name="verifyThatAdminCannotLogInWithOnlyUsernameFilled" time="35.787"/>
  <testcase classname="com.tmb.tests.OrangeHRMTest" name="verifyThatAdminCannotLogInWithOnlyPasswordFilled" time="14.277"/>
  <testcase classname="com.tmb.tests.OrangeHRMTest" name="verifyThatAdminCannotLogInWithOnlyPasswordFilled" time="13.483"/>
  <testcase classname="com.tmb.tests.OrangeHRMTest" name="verifyThatAdminCanLogInWithValidCredentials" time="35.866"/>
  <testcase classname="com.tmb.tests.OrangeHRMTest" name="verifyThatAdminCanLogInWithValidCredentials" time="15.032"/>
</testsuite> <!-- com.tmb.tests.OrangeHRMTest -->
