<?xml version="1.0" encoding="UTF-8"?>
<!-- Generated by org.testng.reporters.JUnitReportReporter -->
<testsuite hostname="Sarika-PC" failures="0" tests="8" name="com.tmb.tests.UserAccountManagementTest" time="234.521" errors="0" timestamp="2025-07-30T16:54:49 IST" skipped="0">
  <testcase classname="com.tmb.tests.UserAccountManagementTest" name="verifyThatUserCanChangePasswordWithValidCredentials" time="38.264"/>
  <testcase classname="com.tmb.tests.UserAccountManagementTest" name="verifyThatUserCanChangePasswordWithValidCredentials" time="20.746"/>
  <testcase classname="com.tmb.tests.UserAccountManagementTest" name="verifyThatUserCannotChangePasswordWithInvalidCurrentPassword" time="44.756"/>
  <testcase classname="com.tmb.tests.UserAccountManagementTest" name="verifyThatUserCannotChangePasswordWithInvalidCurrentPassword" time="18.701"/>
  <testcase classname="com.tmb.tests.UserAccountManagementTest" name="verifyThatUserCannotChangePasswordWhenTheNewPasswordsDoNotMatch" time="23.165"/>
  <testcase classname="com.tmb.tests.UserAccountManagementTest" name="verifyThatUserCannotChangePasswordWhenTheNewPasswordsDoNotMatch" time="32.807"/>
  <testcase classname="com.tmb.tests.UserAccountManagementTest" name="verifyThatUserCannotChangePasswordWhenThePasswoedDoesNotMeetSpecifiedCriteria" time="25.571"/>
  <testcase classname="com.tmb.tests.UserAccountManagementTest" name="verifyThatUserCannotChangePasswordWhenThePasswoedDoesNotMeetSpecifiedCriteria" time="30.511"/>
</testsuite> <!-- com.tmb.tests.UserAccountManagementTest -->
