<?xml version="1.0" encoding="UTF-8"?>
<!-- Generated by org.testng.reporters.JUnitReportReporter -->
<testsuite hostname="Sarika-PC" failures="0" tests="8" name="com.tmb.tests.OrangeHRMLoginFunctionalityTest" time="208.992" errors="0" timestamp="2025-07-28T22:58:18 GMT+05:30" skipped="0">
  <testcase classname="com.tmb.tests.OrangeHRMLoginFunctionalityTest" name="verifyThatAdminCannotLogInWithInvalidCredentials" time="15.328"/>
  <testcase classname="com.tmb.tests.OrangeHRMLoginFunctionalityTest" name="verifyThatAdminCannotLogInWithInvalidCredentials" time="46.212"/>
  <testcase classname="com.tmb.tests.OrangeHRMLoginFunctionalityTest" name="verifyThatAdminCannotLogInWithOnlyUsernameFilled" time="13.091"/>
  <testcase classname="com.tmb.tests.OrangeHRMLoginFunctionalityTest" name="verifyThatAdminCannotLogInWithOnlyUsernameFilled" time="43.803"/>
  <testcase classname="com.tmb.tests.OrangeHRMLoginFunctionalityTest" name="verifyThatAdminCannotLogInWithOnlyPasswordFilled" time="32.896"/>
  <testcase classname="com.tmb.tests.OrangeHRMLoginFunctionalityTest" name="verifyThatAdminCannotLogInWithOnlyPasswordFilled" time="23.053"/>
  <testcase classname="com.tmb.tests.OrangeHRMLoginFunctionalityTest" name="verifyThatAdminCanLogInWithValidCredentials" time="17.079"/>
  <testcase classname="com.tmb.tests.OrangeHRMLoginFunctionalityTest" name="verifyThatAdminCanLogInWithValidCredentials" time="17.530"/>
</testsuite> <!-- com.tmb.tests.OrangeHRMLoginFunctionalityTest -->
